[info]: Aug-19-2023 11:46:05.071: "userId : 1234, searchedText : airport"
[info]: Aug-19-2023 11:46:38.185: "userId : 1234, searchedText : airport"
[info]: Aug-19-2023 11:47:19.531: "userId : 1234, searchedText : airport"
[info]: Aug-19-2023 11:48:15.068: "userId : 1234, searchedText : airport"
[info]: Aug-19-2023 11:56:23.356: "userId : 1234, searchedText : airport"
[info]: Aug-19-2023 11:56:28.070: "userId : 1234, searchedText : airport"
[info]: Aug-19-2023 11:56:46.870: "userId : 1234, searchedText : airport"
[info]: Aug-19-2023 11:57:09.503: "userId : 1234, searchedText : airport"
[info]: Aug-19-2023 11:57:20.870: "userId : 1234, searchedText : airport"
[info]: Aug-19-2023 11:58:01.261: "userId : 1234, searchedText : airport"
[info]: Aug-19-2023 11:58:04.877: "userId : 1234, searchedText : airport"
[info]: Aug-19-2023 11:58:51.866: "userId : 1234, searchedText : airport"
[info]: Aug-19-2023 11:58:58.253: "userId : 1234, searchedText : airport"
[info]: Aug-19-2023 12:06:30.160: "api : autocomplete, userId : 1234, searchedText : airport"
[info]: Aug-19-2023 12:06:35.779: "api : textsearch, userId : 1234, searchedText : airport"
[info]: Aug-19-2023 12:07:34.241: "api : textsearch, userId : 1234, searchedText : airport"
[info]: Aug-19-2023 12:15:55.172: "api : textsearch, userId : 1234, searchedText : airport"
[info]: Aug-19-2023 13:11:33.983: "api : textsearch, userId : 1234, searchedText : airport"
[info]: Aug-19-2023 13:12:58.213: "api : textsearch, userId : 1234, searchedText : airport"
[info]: Aug-19-2023 13:14:28.034: "api : textsearch, userId : 1234, searchedText : airport"
[info]: Aug-19-2023 13:14:56.687: "api : textsearch, userId : 1234, searchedText : dakshineswar"
[info]: Aug-19-2023 13:15:21.618: "api : autocomplete, userId : 1234, searchedText : dakshineswar"
[info]: Aug-19-2023 13:18:53.742: "api : autocomplete, userId : 1234, searchedText : dakshineswar"
[info]: Aug-19-2023 13:19:32.181: "api : autocomplete, userId : 1234, searchedText : dakshineswar"
[info]: Aug-19-2023 15:36:15.708: "api : autocomplete, userId : 1234, searchedText : airport"
[info]: Aug-19-2023 15:53:19.887: "api : details, userId : 1234, searchedText : ChIJOYDLDkae-DkR-yDnqVMJjb8"
[info]: Aug-19-2023 17:47:37.231: "api : autocomplete, userId : 1234, searchedText : airport"
[info]: Aug-19-2023 18:26:02.749: "api : autocomplete, userId : 1234, searchedText : airport"
[info]: Aug-19-2023 18:26:29.020: "api : autocomplete, userId : 1234, searchedText : airport"
[info]: Aug-19-2023 18:26:32.855: "api : autocomplete, userId : 1234, searchedText : airport"
[info]: Aug-19-2023 18:28:39.313: "api : autocomplete, userId : 1234, searchedText : airport"
[info]: Aug-19-2023 18:33:13.493: "api : autocomplete, userId : undefined, searchedText : undefined"
[info]: Aug-19-2023 18:44:47.595: "api : autocomplete, userId : CUSTOMER_2d910c984d24d3029365104aeab27a45_1675686855, searchedText : huhgj"
[info]: Aug-19-2023 18:48:19.885: "api : autocomplete, userId : CUSTOMER_2d910c984d24d3029365104aeab27a45_1675686855, searchedText : hffggc"
[info]: Aug-19-2023 18:48:39.008: "api : autocomplete, userId : CUSTOMER_2d910c984d24d3029365104aeab27a45_1675686855, searchedText : dakshi"
[info]: Aug-19-2023 18:49:58.516: "api : autocomplete, userId : CUSTOMER_2d910c984d24d3029365104aeab27a45_1675686855, searchedText : dakshin"
[info]: Aug-19-2023 18:50:33.594: "api : autocomplete, userId : CUSTOMER_2d910c984d24d3029365104aeab27a45_1675686855, searchedText : dakshi"
[info]: Aug-19-2023 18:50:35.331: "api : details, userId : CUSTOMER_2d910c984d24d3029365104aeab27a45_1675686855, searchedText : undefined"
[info]: Aug-19-2023 18:51:08.746: "api : autocomplete, userId : CUSTOMER_2d910c984d24d3029365104aeab27a45_1675686855, searchedText : dakshin"
[info]: Aug-19-2023 18:51:57.674: "api : autocomplete, userId : CUSTOMER_2d910c984d24d3029365104aeab27a45_1675686855, searchedText : fghgch"
[info]: Aug-19-2023 18:52:06.394: "api : autocomplete, userId : CUSTOMER_2d910c984d24d3029365104aeab27a45_1675686855, searchedText : dakshin "
[info]: Aug-19-2023 18:52:42.138: "api : autocomplete, userId : CUSTOMER_2d910c984d24d3029365104aeab27a45_1675686855, searchedText : dakshin"
[info]: Aug-19-2023 18:53:14.577: "api : autocomplete, userId : CUSTOMER_2d910c984d24d3029365104aeab27a45_1675686855, searchedText : dakshi"
[info]: Aug-19-2023 18:53:15.253: "api : autocomplete, userId : CUSTOMER_2d910c984d24d3029365104aeab27a45_1675686855, searchedText : dakshin "
[info]: Aug-19-2023 18:53:17.332: "api : details, userId : CUSTOMER_2d910c984d24d3029365104aeab27a45_1675686855, searchedText : undefined"
[info]: Aug-19-2023 18:53:49.386: "api : autocomplete, userId : CUSTOMER_2d910c984d24d3029365104aeab27a45_1675686855, searchedText : dakshin d"
[info]: Aug-19-2023 18:54:02.504: "api : autocomplete, userId : CUSTOMER_2d910c984d24d3029365104aeab27a45_1675686855, searchedText : fgggf"
[info]: Aug-19-2023 18:54:14.721: "api : autocomplete, userId : CUSTOMER_2d910c984d24d3029365104aeab27a45_1675686855, searchedText : fggfff"
[info]: Aug-19-2023 18:54:16.762: "api : details, userId : CUSTOMER_2d910c984d24d3029365104aeab27a45_1675686855, searchedText : ChIJ149avRE-rjsRCu7j3lg-K0g"
[info]: Aug-19-2023 18:55:44.287: "api : autocomplete, userId : CUSTOMER_2d910c984d24d3029365104aeab27a45_1675686855, searchedText : fhyff"
[info]: Aug-19-2023 18:55:52.650: "api : autocomplete, userId : CUSTOMER_2d910c984d24d3029365104aeab27a45_1675686855, searchedText : dakshi"
[info]: Aug-19-2023 18:55:54.348: "api : details, userId : CUSTOMER_2d910c984d24d3029365104aeab27a45_1675686855, searchedText : ChIJKXjZ3QOd-DkRTF0w7e-Ao_8"
[info]: Aug-19-2023 18:58:27.201: "api : autocomplete, userId : CUSTOMER_2d910c984d24d3029365104aeab27a45_1675686855, searchedText : dakshiry"
[info]: Aug-19-2023 18:58:30.188: "api : autocomplete, userId : CUSTOMER_2d910c984d24d3029365104aeab27a45_1675686855, searchedText : dakshir"
[info]: Aug-19-2023 18:58:39.752: "api : autocomplete, userId : CUSTOMER_2d910c984d24d3029365104aeab27a45_1675686855, searchedText : ffgfff"
[info]: Aug-19-2023 18:58:45.925: "api : autocomplete, userId : CUSTOMER_2d910c984d24d3029365104aeab27a45_1675686855, searchedText : dakshi"
[info]: Aug-19-2023 18:58:49.016: "api : details, userId : CUSTOMER_2d910c984d24d3029365104aeab27a45_1675686855, searchedText : ChIJKXjZ3QOd-DkRTF0w7e-Ao_8"
[info]: Aug-19-2023 18:59:35.159: "api : autocomplete, userId : CUSTOMER_2d910c984d24d3029365104aeab27a45_1675686855, searchedText : dakshi"
[info]: Aug-19-2023 18:59:38.702: "api : details, userId : CUSTOMER_2d910c984d24d3029365104aeab27a45_1675686855, searchedText : ChIJKXjZ3QOd-DkRTF0w7e-Ao_8"
[info]: Aug-19-2023 19:00:43.434: "api : autocomplete, userId : CUSTOMER_2d910c984d24d3029365104aeab27a45_1675686855, searchedText : ghjghhgg"
[info]: Aug-19-2023 19:00:48.162: "api : autocomplete, userId : CUSTOMER_2d910c984d24d3029365104aeab27a45_1675686855, searchedText : ghjghhggfhgg"
[info]: Aug-19-2023 19:00:51.412: "api : autocomplete, userId : CUSTOMER_2d910c984d24d3029365104aeab27a45_1675686855, searchedText : ghjghh"
[info]: Aug-19-2023 19:00:52.935: "api : details, userId : CUSTOMER_2d910c984d24d3029365104aeab27a45_1675686855, searchedText : ChIJ6yLL-7cpCTkRkBS33IRnXrc"
[info]: Aug-19-2023 19:01:03.339: "api : autocomplete, userId : CUSTOMER_2d910c984d24d3029365104aeab27a45_1675686855, searchedText : rakshi"
[info]: Aug-19-2023 19:01:10.917: "api : autocomplete, userId : CUSTOMER_2d910c984d24d3029365104aeab27a45_1675686855, searchedText : rakshigh"
[info]: Aug-19-2023 19:01:13.992: "api : autocomplete, userId : CUSTOMER_2d910c984d24d3029365104aeab27a45_1675686855, searchedText : rakshi"
[info]: Aug-19-2023 19:01:15.746: "api : details, userId : CUSTOMER_2d910c984d24d3029365104aeab27a45_1675686855, searchedText : EkdSYWtzaGl0IFBhcmEgUm9hZCwgUmFrc2hpdCBQYXJhLCBHaG9zaHBhcmEsIEtvbGthdGEsIFdlc3QgQmVuZ2FsLCBJbmRpYSIuKiwKFAoSCZ_Niq9TegI6EbqNM70maXXcEhQKEgnfE8CBU3oCOhFD6X7dG8gWxA"
